[0mOPTIONS /dosente/register [32m200 [0m7.502 ms - 2[0m
[0mPOST /dosente/register [32m201 [0m350.433 ms - 73[0m
[0mOPTIONS /dosente/assign/module [32m200 [0m0.617 ms - 2[0m
[0mOPTIONS /dosente/assign/module [32m200 [0m8.487 ms - 2[0m
[0mOPTIONS /dosente/assign/module [32m200 [0m9.106 ms - 2[0m
[0mOPTIONS /dosente/assign/module [32m200 [0m7.513 ms - 2[0m
[0mOPTIONS /dosente/assign/module [32m200 [0m8.370 ms - 2[0m
[0mPOST /dosente/assign/module [32m200 [0m107.374 ms - 31[0m
[0mOPTIONS /dosente/assign/module [32m200 [0m0.615 ms - 2[0m
[0mOPTIONS /dosente/assign/module [32m200 [0m7.492 ms - 2[0m
[0mOPTIONS /dosente/assign/module [32m200 [0m8.213 ms - 2[0m
[0mPOST /dosente/assign/module [32m200 [0m56.927 ms - 31[0m
[0mOPTIONS /dosente/assign/module [32m200 [0m7.740 ms - 2[0m
[0mPOST /dosente/assign/module [33m401 [0m22.063 ms - 25[0m
[0mOPTIONS /dosente/assign/module [32m200 [0m6.964 ms - 2[0m
[0mPOST /dosente/assign/module [33m400 [0m61.290 ms - 28[0m
[0mOPTIONS /anounce/make [32m200 [0m0.407 ms - 2[0m
[0mPOST /anounce/make [33m401 [0m7.971 ms - 25[0m
[0mOPTIONS /user/login [32m200 [0m0.320 ms - 2[0m
[0mPOST /user/login [32m200 [0m125.223 ms - 210[0m
[0mOPTIONS /anounce/make [32m200 [0m0.183 ms - 2[0m
[0mPOST /anounce/make [32m201 [0m3.584 ms - 47[0m
[0mOPTIONS /anounce/make [32m200 [0m0.336 ms - 2[0m
[0mPOST /anounce/make [32m201 [0m8.392 ms - 47[0m
[0mOPTIONS /anounce/make [32m200 [0m9.166 ms - 2[0m
[0mPOST /anounce/make [32m201 [0m66.599 ms - 47[0m
[0mOPTIONS /dosente/register [32m200 [0m8.293 ms - 2[0m
[0mPOST /dosente/register [32m201 [0m126.227 ms - 73[0m
[0mOPTIONS /dosente/assign/module [32m200 [0m0.662 ms - 2[0m
[0mPOST /dosente/assign/module [33m400 [0m15.019 ms - 28[0m
[0mOPTIONS /dosente/assign/module [32m200 [0m0.442 ms - 2[0m
[0mPOST /dosente/assign/module [33m400 [0m9.163 ms - 28[0m
[0mOPTIONS /dosente/assign/module [32m200 [0m0.438 ms - 2[0m
[0mPOST /dosente/assign/module [33m400 [0m9.212 ms - 28[0m
[0mOPTIONS /dosente/assign/module [32m200 [0m0.462 ms - 2[0m
[0mPOST /dosente/assign/module [33m400 [0m9.029 ms - 28[0m
[0mOPTIONS /dosente/assign/module [32m200 [0m0.314 ms - 2[0m
[0mPOST /dosente/assign/module [33m400 [0m5.832 ms - 28[0m
[0mOPTIONS /dosente/assign/module [32m200 [0m0.232 ms - 2[0m
[0mPOST /dosente/assign/module [33m400 [0m3.341 ms - 28[0m
[0mOPTIONS /dosente/register [32m200 [0m0.484 ms - 2[0m
[0mPOST /dosente/register [32m201 [0m175.640 ms - 73[0m
[0mOPTIONS /dosente/assign/module [32m200 [0m0.426 ms - 2[0m
[0mPOST /dosente/assign/module [33m400 [0m9.992 ms - 28[0m
[0mOPTIONS /dosente/assign/module [32m200 [0m8.155 ms - 2[0m
[0mPOST /dosente/assign/module [32m200 [0m124.435 ms - 31[0m
[0mOPTIONS /dosente/assign/module [32m200 [0m0.759 ms - 2[0m
[0mPOST /dosente/assign/module [33m400 [0m19.938 ms - 28[0m
[0mOPTIONS /dosente/assign/module [32m200 [0m0.669 ms - 2[0m
[0mPOST /dosente/assign/module [32m200 [0m64.458 ms - 31[0m
[0mOPTIONS /dosente/assign/module [32m200 [0m0.463 ms - 2[0m
[0mPOST /dosente/assign/module [32m200 [0m92.493 ms - 31[0m
[0mPOST /dosente/assign/module [33m400 [0m14.430 ms - 28[0m
[0mOPTIONS /demi/all [32m200 [0m0.370 ms - 2[0m
[0mGET /demi/all [32m200 [0m17.426 ms - 451[0m
[0mOPTIONS /demi/all [32m200 [0m0.467 ms - 2[0m
[0mGET /demi/all [36m304 [0m11.641 ms - -[0m
[0mOPTIONS /demi/all [32m200 [0m0.453 ms - 2[0m
[0mGET /demi/all [36m304 [0m9.333 ms - -[0m
[0mOPTIONS /demi/all [32m200 [0m0.454 ms - 2[0m
[0mGET /demi/all [36m304 [0m9.816 ms - -[0m
[0mOPTIONS /demi/all [32m200 [0m0.523 ms - 2[0m
[0mGET /demi/all [36m304 [0m9.982 ms - -[0m
[0mOPTIONS /demi/all [32m200 [0m0.416 ms - 2[0m
[0mGET /demi/all [36m304 [0m9.215 ms - -[0m
[0mOPTIONS /demi/all [32m200 [0m0.435 ms - 2[0m
[0mGET /demi/all [36m304 [0m9.973 ms - -[0m
[0mOPTIONS /application/accept [32m200 [0m0.450 ms - 2[0m
[0mPOST /application/accept [32m200 [0m74.065 ms - 36[0m
[0mPOST /application/accept [32m200 [0m27.162 ms - 36[0m
[0mPOST /application/accept [32m200 [0m23.817 ms - 36[0m
[0mPOST /application/accept [32m200 [0m31.589 ms - 36[0m
[0mOPTIONS /demi/all [32m200 [0m0.416 ms - 2[0m
[0mGET /demi/all [32m200 [0m9.358 ms - 2[0m
[0mOPTIONS /demi/all [32m200 [0m0.408 ms - 2[0m
[0mGET /demi/all [36m304 [0m9.224 ms - -[0m
[0mOPTIONS /demi/all [32m200 [0m0.207 ms - 2[0m
[0mGET /demi/all [36m304 [0m9.496 ms - -[0m
[0mOPTIONS /demi/all [32m200 [0m0.160 ms - 2[0m
[0mOPTIONS /demi/all [32m200 [0m0.445 ms - 2[0m
[0mOPTIONS /subjects/ [32m200 [0m0.464 ms - 2[0m
[0mPOST /subjects/ [32m201 [0m13.938 ms - 83[0m
[0mGET /demi/all [0m- [0m- ms - -[0m
[0mGET /demi/all [0m- [0m- ms - -[0m
[0mGET /demi/all [0m- [0m- ms - -[0m
[0mGET /demi/all [0m- [0m- ms - -[0m
[0mOPTIONS /subjects/ [32m200 [0m0.497 ms - 2[0m
[0mPOST /subjects/ [32m201 [0m9.411 ms - 88[0m
[0mOPTIONS /demi/demiGet [32m200 [0m0.614 ms - 2[0m
[0mOPTIONS /demi/demiGet [32m200 [0m0.454 ms - 2[0m
[0mPOST /demi/demiGet [32m200 [0m83.733 ms - 1388[0m
[0mPOST /demi/demiGet [32m200 [0m46.461 ms - 1388[0m
[0mOPTIONS /demi/demiGet [32m200 [0m0.832 ms - 2[0m
[0mPOST /demi/demiGet [32m200 [0m24.901 ms - 1388[0m
[0mOPTIONS /demi/demiGet [32m200 [0m0.701 ms - 2[0m
[0mPOST /demi/demiGet [32m200 [0m16.190 ms - 1388[0m
[0mOPTIONS /demi/demiGet [32m200 [0m0.471 ms - 2[0m
[0mPOST /demi/demiGet [32m200 [0m16.950 ms - 1388[0m
[0mOPTIONS /demi/demiGet [32m200 [0m0.488 ms - 2[0m
[0mPOST /demi/demiGet [32m200 [0m16.945 ms - 1388[0m
[0mOPTIONS /demi/demiGet [32m200 [0m8.213 ms - 2[0m
[0mPOST /demi/demiGet [32m200 [0m43.232 ms - 1388[0m
[0mOPTIONS /image/getID/27678822 [32m200 [0m0.691 ms - 2[0m
[0mGET /image/getID/27678822 [32m200 [0m36.224 ms - 81159[0m
[0mOPTIONS /image/getReg/27678822 [32m200 [0m0.446 ms - 2[0m
[0mGET /image/getReg/27678822 [32m200 [0m24.037 ms - 240134[0m
[0mOPTIONS /image/getPassport/27678822 [32m200 [0m0.458 ms - 2[0m
[0mGET /image/getPassport/27678822 [0m- [0m- ms - -[0m
[0mOPTIONS /user/login [32m200 [0m0.438 ms - 2[0m
[0mPOST /user/login [32m200 [0m150.097 ms - 210[0m
[0mOPTIONS /hours/getdetails [32m200 [0m0.476 ms - 2[0m
[0mOPTIONS /hours/get [32m200 [0m0.373 ms - 2[0m
[0mPOST /hours/getdetails [32m200 [0m11.691 ms - 114[0m
[0mPOST /hours/get [32m200 [0m17.187 ms - 149[0m
[0mOPTIONS /user/login [32m200 [0m0.568 ms - 2[0m
[0mPOST /user/login [31m500 [0m11.674 ms - 26[0m
[0mPOST /user/login [32m200 [0m177.856 ms - 210[0m
[0mOPTIONS /user/login [32m200 [0m8.625 ms - 2[0m
[0mPOST /user/login [32m200 [0m184.036 ms - 210[0m
[0mOPTIONS /user/login [32m200 [0m8.969 ms - 2[0m
[0mPOST /user/login [32m200 [0m136.049 ms - 210[0m
[0mOPTIONS /user/login [32m200 [0m0.702 ms - 2[0m
[0mPOST /user/login [32m200 [0m125.560 ms - 210[0m
[0mOPTIONS /dosente/get/dosent/demi [32m200 [0m0.457 ms - 2[0m
[0mPOST /dosente/get/dosent/demi [32m202 [0m58.371 ms - 1443[0m
[0mOPTIONS /dosente/get/dosent/demi [32m200 [0m9.088 ms - 2[0m
[0mPOST /dosente/get/dosent/demi [32m202 [0m56.487 ms - 207[0m
[0mOPTIONS /application/get/applicants [32m200 [0m0.779 ms - 2[0m
[0mPOST /application/get/applicants [32m200 [0m14.346 ms - 2[0m
[0mOPTIONS /application/get/applicants [32m200 [0m9.057 ms - 2[0m
[0mPOST /application/get/applicants [32m200 [0m39.979 ms - 2[0m
[0mOPTIONS /application/get/applicants [32m200 [0m0.753 ms - 2[0m
[0mPOST /application/get/applicants [32m200 [0m12.038 ms - 2[0m
[0mOPTIONS /application/get/applicants [32m200 [0m8.851 ms - 2[0m
[0mPOST /application/get/applicants [32m200 [0m47.222 ms - 2[0m
[0mOPTIONS /user/register [32m200 [0m0.775 ms - 2[0m
[0mPOST /user/register [32m201 [0m217.814 ms - 29[0m
[0mOPTIONS /user/register [32m200 [0m0.480 ms - 2[0m
[0mPOST /user/register [33m422 [0m168.069 ms - 340[0m
[0mOPTIONS /user/register [32m200 [0m0.444 ms - 2[0m
[0mPOST /user/register [33m422 [0m204.608 ms - 340[0m
[0mOPTIONS /user/register [32m200 [0m0.455 ms - 2[0m
[0mPOST /user/register [32m201 [0m240.049 ms - 29[0m
[0mOPTIONS /user/login [32m200 [0m0.441 ms - 2[0m
[0mPOST /user/login [32m200 [0m204.000 ms - 210[0m
[0mOPTIONS /demi/applicationform/sa [32m200 [0m0.463 ms - 2[0m
[0mPOST /demi/applicationform/sa [33m422 [0m93.841 ms - 28[0m
[0mOPTIONS /demi/applicationform/sa [32m200 [0m0.498 ms - 2[0m
[0mPOST /demi/applicationform/sa [32m201 [0m87.695 ms - 29[0m
[0mOPTIONS /application/module [32m200 [0m0.439 ms - 2[0m
[0mPOST /application/module [33m404 [0m17.403 ms - 53[0m
[0mOPTIONS /application/module [32m200 [0m0.545 ms - 2[0m
[0mPOST /application/module [32m200 [0m88.806 ms - 37[0m
[0mOPTIONS /user/login [32m200 [0m0.440 ms - 2[0m
[0mPOST /user/login [32m200 [0m140.624 ms - 210[0m
[0mOPTIONS /user/login [32m200 [0m0.447 ms - 2[0m
[0mPOST /user/login [32m200 [0m133.399 ms - 210[0m
[0mOPTIONS /application/get/applicants [32m200 [0m0.434 ms - 2[0m
[0mPOST /application/get/applicants [32m200 [0m10.906 ms - 135[0m
[0mOPTIONS /anounce/get [32m200 [0m0.479 ms - 2[0m
[0mGET /anounce/get [32m200 [0m15.403 ms - 259[0m
[0mOPTIONS /user/login [32m200 [0m0.614 ms - 2[0m
[0mPOST /user/login [32m200 [0m124.955 ms - 210[0m
